<?xml version="1.0" encoding="UTF-8" ?>
<testsuite tests="10" failures="1" name="bddgof.RunCucumberTest" time="3.328" errors="0" skipped="0">
  <properties>
[...]
</properties>
  <testcase classname="Venda de produtos para Loja" name="Cliente efetua o pagamento" time="1.531"/>
  <testcase classname="Venda de produtos para Loja" name="Cliente efetua o pagamento" time="0.05"/>
  <testcase classname="Venda de produtos para Loja" name="Cliente efetua o pagamento" time="0.399"/>
  <testcase classname="Venda de produtos para Loja" name="Cliente efetua o pagamento" time="0.459"/>
  <testcase classname="Venda de produtos para Loja" name="Cliente efetua o pagamento" time="0.412"/>
  <testcase classname="Venda de produtos para Loja" name="Cliente efetua o pagamento" time="0.109"/>
  <testcase classname="Venda de produtos para Loja" name="Cliente efetua o pagamento" time="0.066"/>
  <testcase classname="Venda de produtos para Loja" name="Cliente efetua o pagamento" time="0.111"/>
  <testcase classname="Venda de produtos para Loja" name="Cliente efetua o pagamento" time="0.005"/>
  <testcase classname="Venda de produtos para Loja" name="Cliente efetua o pagamento" time="0.186">
    <failure message="expected:&lt;Pagamento [em Dinheiro processado com sucess]o&gt; but was:&lt;Pagamento [não autorizad]o&gt;" type="org.junit.ComparisonFailure">org.junit.ComparisonFailure: expected:&lt;Pagamento [em Dinheiro processado com sucess]o&gt; but was:&lt;Pagamento [não autorizad]o&gt;
	at org.junit.Assert.assertEquals(Assert.java:115)
	at org.junit.Assert.assertEquals(Assert.java:144)
	at bddgof.Stepdefs.o_pagamento_tem_que_ser_concluido_com_sucesso(Stepdefs.java:44)
	at ✽.O pagamento tem que ser concluido com sucesso: &quot;Pagamento não autorizado&quot;(classpath:bddgof/venda.feature:11)
</failure>
    <system-out>20:17:22.318 [main] DEBUG org.springframework.web.client.RestTemplate - HTTP GET http://localhost:8080/
20:17:22.319 [main] DEBUG org.springframework.web.client.RestTemplate - Accept=[text/plain, application/json, application/*+json, */*]
20:17:22.322 [main] DEBUG org.springframework.web.client.RestTemplate - Response 200 OK
20:17:22.322 [main] DEBUG org.springframework.web.client.RestTemplate - Reading to [java.lang.String] as &quot;text/plain;charset=UTF-8&quot;
20:17:22.330 [main] DEBUG org.springframework.web.client.RestTemplate - HTTP GET http://localhost:8080/pagamento?tipo_pagamento=DINHEIRO&amp;valor_pagamento=-1
20:17:22.330 [main] DEBUG org.springframework.web.client.RestTemplate - Accept=[application/json, application/*+json]
20:17:22.332 [main] DEBUG org.springframework.web.client.RestTemplate - Response 200 OK
20:17:22.335 [main] DEBUG org.springframework.web.client.RestTemplate - Reading to [bddgof.PagamentoTeste]
</system-out>
  </testcase>
</testsuite>